myrebootapp/app/build/outputs/logs/manifest-merger-release-report.txt
-- Merging decision tree log ---
manifest
ADDED from AndroidManifest.xml:2:1
	xmlns:android
		ADDED from AndroidManifest.xml:2:11
	package
		ADDED from AndroidManifest.xml:3:2
		INJECTED from AndroidManifest.xml:0:0
		INJECTED from AndroidManifest.xml:0:0
	android:versionName
		ADDED from AndroidManifest.xml:5:2
	android:versionCode
		ADDED from AndroidManifest.xml:4:2
		INJECTED from AndroidManifest.xml:0:0
		INJECTED from AndroidManifest.xml:0:0
uses-sdk
ADDED from AndroidManifest.xml:6:2
	android:targetSdkVersion
		INJECTED from AndroidManifest.xml:0:0
		INJECTED from AndroidManifest.xml:0:0
	android:minSdkVersion
		ADDED from AndroidManifest.xml:6:12
		INJECTED from AndroidManifest.xml:0:0
		INJECTED from AndroidManifest.xml:0:0
application
ADDED from AndroidManifest.xml:9:2
	android:label
		ADDED from AndroidManifest.xml:12:3
	android:icon
		ADDED from AndroidManifest.xml:11:9
	android:banner
		ADDED from AndroidManifest.xml:10:9
activity#com.asad.powerboot.startingPoint
ADDED from AndroidManifest.xml:13:3
	android:screenOrientation
		ADDED from AndroidManifest.xml:16:7
	android:label
		ADDED from AndroidManifest.xml:15:7
	android:icon
		ADDED from AndroidManifest.xml:14:13
	android:theme
		ADDED from AndroidManifest.xml:17:7
	android:name
		ADDED from AndroidManifest.xml:13:13
intent-filter#android.intent.action.MAIN+android.intent.category.LAUNCHER
ADDED from AndroidManifest.xml:18:4
action#android.intent.action.MAIN
ADDED from AndroidManifest.xml:19:5
	android:name
		ADDED from AndroidManifest.xml:19:13
category#android.intent.category.LAUNCHER
ADDED from AndroidManifest.xml:20:5
	android:name
		ADDED from AndroidManifest.xml:20:15
activity#com.asad.powerboot.AndroidTvStartingPoint
ADDED from AndroidManifest.xml:25:9
	android:label
		ADDED from AndroidManifest.xml:26:19
	android:theme
		ADDED from AndroidManifest.xml:27:19
	android:name
		ADDED from AndroidManifest.xml:25:19
	android:banner
		ADDED from AndroidManifest.xml:28:19
intent-filter#android.intent.action.MAIN+android.intent.category.LEANBACK_LAUNCHER
ADDED from AndroidManifest.xml:29:13
category#android.intent.category.LEANBACK_LAUNCHER
ADDED from AndroidManifest.xml:31:17
	android:name
		ADDED from AndroidManifest.xml:31:27
receiver#com.asad.powerboot.Widget
ADDED from AndroidManifest.xml:39:3
	android:label
		ADDED from AndroidManifest.xml:39:36
	android:name
		ADDED from AndroidManifest.xml:39:13
intent-filter#android.appwidget.action.APPWIDGET_UPDATE
ADDED from AndroidManifest.xml:40:3
action#android.appwidget.action.APPWIDGET_UPDATE
ADDED from AndroidManifest.xml:41:4
	android:name
		ADDED from AndroidManifest.xml:41:12
meta-data#android.appwidget.provider
ADDED from AndroidManifest.xml:43:2
	android:resource
		ADDED from AndroidManifest.xml:44:2
	android:name
		ADDED from AndroidManifest.xml:43:13
receiver#com.asad.powerboot.Widget2
ADDED from AndroidManifest.xml:46:2
	android:label
		ADDED from AndroidManifest.xml:46:36
	android:name
		ADDED from AndroidManifest.xml:46:12
uses-permission#android.permission.ACCESS_SUPERUSER
ADDED from AndroidManifest.xml:57:5
	android:name
		ADDED from AndroidManifest.xml:57:22